2015-01-22 1:43:15 - PHP Notice:  Undefined variable: theme_image in C:\wamp\www\loja\catalog\view\theme\default\template\payment\pagseguro.tpl on line 17
2015-01-22 1:44:11 - PHP Notice:  Undefined variable: theme_image in C:\wamp\www\loja\catalog\view\theme\default\template\payment\pagseguro.tpl on line 17
2015-01-22 1:46:46 - PHP Notice:  Undefined variable: theme in C:\wamp\www\loja\catalog\view\theme\default\template\payment\pagseguro.tpl on line 17
2015-01-22 1:48:15 - PHP Notice:  Undefined property: Loader::$config in C:\wamp\www\loja\catalog\view\theme\default\template\payment\pagseguro.tpl on line 17
2015-01-22 15:11:26 - PHP Notice:  Undefined index: complement in /home/thais/workspace/loja/catalog/model/account/address.php on line 74
2015-01-22 15:11:37 - PHP Notice:  Undefined index: complement in /home/thais/workspace/loja/catalog/model/account/address.php on line 74
2015-01-22 15:24:05 - PHP Notice:  Undefined index: complement in /home/thais/workspace/loja/catalog/view/theme/jessicaprado/template/checkout/payment_address.tpl on line 15
2015-01-22 15:24:05 - PHP Notice:  Undefined index: complement in /home/thais/workspace/loja/catalog/view/theme/jessicaprado/template/checkout/payment_address.tpl on line 15
2015-01-22 15:24:05 - PHP Notice:  Undefined index: complement in /home/thais/workspace/loja/catalog/view/theme/jessicaprado/template/checkout/payment_address.tpl on line 13
2015-01-22 15:25:46 - PHP Notice:  Undefined index: complement in /home/thais/workspace/loja/catalog/view/theme/jessicaprado/template/checkout/payment_address.tpl on line 15
2015-01-22 15:25:46 - PHP Notice:  Undefined index: complement in /home/thais/workspace/loja/catalog/view/theme/jessicaprado/template/checkout/payment_address.tpl on line 15
2015-01-22 15:25:46 - PHP Notice:  Undefined index: complement in /home/thais/workspace/loja/catalog/view/theme/jessicaprado/template/checkout/payment_address.tpl on line 13
2015-01-22 15:26:23 - PHP Notice:  Undefined index: complement in /home/thais/workspace/loja/catalog/view/theme/jessicaprado/template/checkout/payment_address.tpl on line 15
2015-01-22 15:26:23 - PHP Notice:  Undefined index: complement in /home/thais/workspace/loja/catalog/view/theme/jessicaprado/template/checkout/payment_address.tpl on line 15
2015-01-22 15:26:23 - PHP Notice:  Undefined index: complement in /home/thais/workspace/loja/catalog/view/theme/jessicaprado/template/checkout/payment_address.tpl on line 13
2015-01-22 15:28:10 - PHP Notice:  Undefined index: complement in /home/thais/workspace/loja/catalog/view/theme/jessicaprado/template/checkout/payment_address.tpl on line 18
2015-01-22 15:28:10 - PHP Notice:  Undefined index: complement in /home/thais/workspace/loja/catalog/view/theme/jessicaprado/template/checkout/payment_address.tpl on line 18
2015-01-22 15:28:10 - PHP Notice:  Undefined index: complement in /home/thais/workspace/loja/catalog/view/theme/jessicaprado/template/checkout/payment_address.tpl on line 14
2015-01-22 15:28:36 - PHP Notice:  Undefined index: complement in /home/thais/workspace/loja/catalog/view/theme/jessicaprado/template/checkout/payment_address.tpl on line 19
2015-01-22 15:28:36 - PHP Notice:  Undefined index: complement in /home/thais/workspace/loja/catalog/view/theme/jessicaprado/template/checkout/payment_address.tpl on line 19
2015-01-22 15:28:36 - PHP Notice:  Undefined index: complement in /home/thais/workspace/loja/catalog/view/theme/jessicaprado/template/checkout/payment_address.tpl on line 15
2015-01-22 15:29:09 - PHP Notice:  Undefined index: complement in /home/thais/workspace/loja/catalog/view/theme/jessicaprado/template/checkout/payment_address.tpl on line 18
2015-01-22 15:29:09 - PHP Notice:  Undefined index: complement in /home/thais/workspace/loja/catalog/view/theme/jessicaprado/template/checkout/payment_address.tpl on line 18
2015-01-22 15:29:09 - PHP Notice:  Undefined index: complement in /home/thais/workspace/loja/catalog/view/theme/jessicaprado/template/checkout/payment_address.tpl on line 14
2015-01-22 15:30:53 - PHP Notice:  Undefined index: complement in /home/thais/workspace/loja/catalog/view/theme/jessicaprado/template/checkout/payment_address.tpl on line 18
2015-01-22 15:30:53 - PHP Notice:  Undefined index: complement in /home/thais/workspace/loja/catalog/view/theme/jessicaprado/template/checkout/payment_address.tpl on line 18
2015-01-22 15:30:53 - PHP Notice:  Undefined index: complement in /home/thais/workspace/loja/catalog/view/theme/jessicaprado/template/checkout/payment_address.tpl on line 14
2015-01-22 15:31:05 - PHP Notice:  Undefined index: complement in /home/thais/workspace/loja/catalog/view/theme/jessicaprado/template/checkout/payment_address.tpl on line 18
2015-01-22 15:31:05 - PHP Notice:  Undefined index: complement in /home/thais/workspace/loja/catalog/view/theme/jessicaprado/template/checkout/payment_address.tpl on line 18
2015-01-22 15:31:05 - PHP Notice:  Undefined index: complement in /home/thais/workspace/loja/catalog/view/theme/jessicaprado/template/checkout/payment_address.tpl on line 14
2015-01-22 15:44:00 - PHP Notice:  Undefined variable: theme in /home/thais/workspace/loja/catalog/view/theme/jessicaprado/template/checkout/payment_method.tpl on line 16
2015-01-22 17:12:45 - PHP Notice:  Undefined index: address_1 in /home/thais/workspace/loja/catalog/controller/account/address.php on line 229
2015-01-22 17:12:45 - PHP Notice:  Undefined index: address_2 in /home/thais/workspace/loja/catalog/controller/account/address.php on line 230
2015-01-22 17:12:56 - PHP Notice:  Undefined index: address_1 in /home/thais/workspace/loja/catalog/controller/account/address.php on line 229
2015-01-22 17:12:56 - PHP Notice:  Undefined index: address_2 in /home/thais/workspace/loja/catalog/controller/account/address.php on line 230
2015-01-22 20:12:05 - PagSeguro :: Parâmetros de notificação retornado pelo PagSeguro são inválidos.
2015-01-22 20:12:12 - PagSeguro :: Parâmetros de notificação retornado pelo PagSeguro são inválidos.
2015-01-22 20:13:05 - PagSeguro :: Parâmetros de notificação retornado pelo PagSeguro são inválidos.
2015-01-22 20:13:42 - PagSeguro :: Parâmetros de notificação retornado pelo PagSeguro são inválidos.
2015-01-22 20:14:44 - PagSeguro :: [HTTP 404] - NOT_FOUND 
2015-01-22 20:15:28 - PagSeguro :: [HTTP 400] - BAD_REQUEST 0 [13001] - invalid notification code value: D7C80E22A78440FD9B34827E8D3039FF
2015-01-22 20:16:42 - PagSeguro :: [HTTP 400] - BAD_REQUEST 0 [13001] - invalid notification code value: D7C80E22A78440FD9B34827E8D3039FF
2015-01-22 20:17:57 - PagSeguro :: [HTTP 400] - BAD_REQUEST 0 [13001] - invalid notification code value: D7C80E22A78440FD9B34827E8D3039FF
2015-01-22 20:19:04 - PagSeguro :: [HTTP 400] - BAD_REQUEST 0 [13001] - invalid notification code value: D7C80E22A78440FD9B34827E8D3039FF
2015-01-22 20:19:30 - PagSeguro :: [HTTP 400] - BAD_REQUEST 0 [13001] - invalid notification code value: D7C80E22A78440FD9B34827E8D3039FF
2015-01-22 20:20:53 - PagSeguro :: [HTTP 400] - BAD_REQUEST 0 [13001] - invalid notification code value: D7C80E22A78440FD9B34827E8D3039FF
2015-01-22 20:22:14 - PagSeguro :: [HTTP 400] - BAD_REQUEST 0 [13001] - invalid notification code value: D7C80E22A78440FD9B34827E8D3039FF
2015-01-22 20:53:34 - PHP Notice:  Undefined property: Loader::$session in /home/thais/workspace/loja/catalog/view/theme/jessicaprado/template/checkout/cart.tpl on line 98
2015-01-22 20:53:34 - PHP Notice:  Trying to get property of non-object in /home/thais/workspace/loja/catalog/view/theme/jessicaprado/template/checkout/cart.tpl on line 98
2015-01-22 21:02:12 - PHP Notice:  Undefined variable: hasShippingMethod in /home/thais/workspace/loja/catalog/view/theme/jessicaprado/template/checkout/cart.tpl on line 107
2015-01-22 21:06:33 - PHP Notice:  Undefined variable: text_select_shipping in /home/thais/workspace/loja/catalog/view/theme/jessicaprado/template/checkout/cart.tpl on line 110
2015-01-22 21:06:44 - PHP Notice:  Undefined variable: text_select_shipping in /home/thais/workspace/loja/catalog/view/theme/jessicaprado/template/checkout/cart.tpl on line 110
2015-01-22 21:44:54 - PHP Notice:  Undefined variable: text_loading in /home/thais/workspace/loja/catalog/view/theme/default/template/payment/pagseguro.tpl on line 3
2015-01-22 22:06:04 - PHP Notice:  Undefined variable: search_postcode in /home/thais/workspace/loja/catalog/view/theme/jessicaprado/template/account/register.tpl on line 102
2015-01-22 22:06:04 - PHP Notice:  Undefined variable: entry_address in /home/thais/workspace/loja/catalog/view/theme/jessicaprado/template/account/register.tpl on line 118
2015-01-22 22:06:04 - PHP Notice:  Undefined variable: entry_address in /home/thais/workspace/loja/catalog/view/theme/jessicaprado/template/account/register.tpl on line 119
2015-01-22 22:06:04 - PHP Notice:  Undefined variable: entry_number in /home/thais/workspace/loja/catalog/view/theme/jessicaprado/template/account/register.tpl on line 123
2015-01-22 22:06:04 - PHP Notice:  Undefined variable: entry_number in /home/thais/workspace/loja/catalog/view/theme/jessicaprado/template/account/register.tpl on line 124
2015-01-22 22:06:04 - PHP Notice:  Undefined variable: entry_complement in /home/thais/workspace/loja/catalog/view/theme/jessicaprado/template/account/register.tpl on line 128
2015-01-22 22:06:04 - PHP Notice:  Undefined variable: entry_complement in /home/thais/workspace/loja/catalog/view/theme/jessicaprado/template/account/register.tpl on line 129
2015-01-22 22:06:04 - PHP Notice:  Undefined variable: entry_neighborhood in /home/thais/workspace/loja/catalog/view/theme/jessicaprado/template/account/register.tpl on line 133
2015-01-22 22:06:04 - PHP Notice:  Undefined variable: entry_neighborhood in /home/thais/workspace/loja/catalog/view/theme/jessicaprado/template/account/register.tpl on line 134
2015-01-22 22:06:04 - PHP Notice:  Undefined variable: text_shipment_delivery in /home/thais/workspace/loja/catalog/view/theme/jessicaprado/template/account/register.tpl on line 138
2015-01-22 22:07:17 - PHP Notice:  Undefined variable: search_postcode in /home/thais/workspace/loja/catalog/view/theme/jessicaprado/template/account/register.tpl on line 102
2015-01-22 22:07:17 - PHP Notice:  Undefined variable: entry_address in /home/thais/workspace/loja/catalog/view/theme/jessicaprado/template/account/register.tpl on line 118
2015-01-22 22:07:17 - PHP Notice:  Undefined variable: entry_address in /home/thais/workspace/loja/catalog/view/theme/jessicaprado/template/account/register.tpl on line 119
2015-01-22 22:07:17 - PHP Notice:  Undefined variable: entry_number in /home/thais/workspace/loja/catalog/view/theme/jessicaprado/template/account/register.tpl on line 123
2015-01-22 22:07:17 - PHP Notice:  Undefined variable: entry_number in /home/thais/workspace/loja/catalog/view/theme/jessicaprado/template/account/register.tpl on line 124
2015-01-22 22:07:17 - PHP Notice:  Undefined variable: entry_complement in /home/thais/workspace/loja/catalog/view/theme/jessicaprado/template/account/register.tpl on line 128
2015-01-22 22:07:17 - PHP Notice:  Undefined variable: entry_complement in /home/thais/workspace/loja/catalog/view/theme/jessicaprado/template/account/register.tpl on line 129
2015-01-22 22:07:17 - PHP Notice:  Undefined variable: entry_neighborhood in /home/thais/workspace/loja/catalog/view/theme/jessicaprado/template/account/register.tpl on line 133
2015-01-22 22:07:17 - PHP Notice:  Undefined variable: entry_neighborhood in /home/thais/workspace/loja/catalog/view/theme/jessicaprado/template/account/register.tpl on line 134
2015-01-22 22:07:17 - PHP Notice:  Undefined variable: text_shipment_delivery in /home/thais/workspace/loja/catalog/view/theme/jessicaprado/template/account/register.tpl on line 138
2015-01-22 22:07:59 - PHP Notice:  Undefined variable: search_postcode in /home/thais/workspace/loja/catalog/view/theme/jessicaprado/template/account/register.tpl on line 102
2015-01-22 22:07:59 - PHP Notice:  Undefined variable: entry_address in /home/thais/workspace/loja/catalog/view/theme/jessicaprado/template/account/register.tpl on line 118
2015-01-22 22:07:59 - PHP Notice:  Undefined variable: entry_address in /home/thais/workspace/loja/catalog/view/theme/jessicaprado/template/account/register.tpl on line 119
2015-01-22 22:07:59 - PHP Notice:  Undefined variable: entry_number in /home/thais/workspace/loja/catalog/view/theme/jessicaprado/template/account/register.tpl on line 123
2015-01-22 22:07:59 - PHP Notice:  Undefined variable: entry_number in /home/thais/workspace/loja/catalog/view/theme/jessicaprado/template/account/register.tpl on line 124
2015-01-22 22:07:59 - PHP Notice:  Undefined variable: entry_complement in /home/thais/workspace/loja/catalog/view/theme/jessicaprado/template/account/register.tpl on line 128
2015-01-22 22:07:59 - PHP Notice:  Undefined variable: entry_complement in /home/thais/workspace/loja/catalog/view/theme/jessicaprado/template/account/register.tpl on line 129
2015-01-22 22:07:59 - PHP Notice:  Undefined variable: entry_neighborhood in /home/thais/workspace/loja/catalog/view/theme/jessicaprado/template/account/register.tpl on line 133
2015-01-22 22:07:59 - PHP Notice:  Undefined variable: entry_neighborhood in /home/thais/workspace/loja/catalog/view/theme/jessicaprado/template/account/register.tpl on line 134
2015-01-22 22:07:59 - PHP Notice:  Undefined variable: text_shipment_delivery in /home/thais/workspace/loja/catalog/view/theme/jessicaprado/template/account/register.tpl on line 138
2015-01-22 22:08:51 - PHP Notice:  Undefined variable: search_postcode in /home/thais/workspace/loja/catalog/view/theme/jessicaprado/template/account/register.tpl on line 102
2015-01-22 22:08:51 - PHP Notice:  Undefined variable: entry_address in /home/thais/workspace/loja/catalog/view/theme/jessicaprado/template/account/register.tpl on line 118
2015-01-22 22:08:51 - PHP Notice:  Undefined variable: entry_address in /home/thais/workspace/loja/catalog/view/theme/jessicaprado/template/account/register.tpl on line 119
2015-01-22 22:08:51 - PHP Notice:  Undefined variable: entry_number in /home/thais/workspace/loja/catalog/view/theme/jessicaprado/template/account/register.tpl on line 123
2015-01-22 22:08:51 - PHP Notice:  Undefined variable: entry_number in /home/thais/workspace/loja/catalog/view/theme/jessicaprado/template/account/register.tpl on line 124
2015-01-22 22:08:51 - PHP Notice:  Undefined variable: entry_complement in /home/thais/workspace/loja/catalog/view/theme/jessicaprado/template/account/register.tpl on line 128
2015-01-22 22:08:51 - PHP Notice:  Undefined variable: entry_complement in /home/thais/workspace/loja/catalog/view/theme/jessicaprado/template/account/register.tpl on line 129
2015-01-22 22:08:51 - PHP Notice:  Undefined variable: entry_neighborhood in /home/thais/workspace/loja/catalog/view/theme/jessicaprado/template/account/register.tpl on line 133
2015-01-22 22:08:51 - PHP Notice:  Undefined variable: entry_neighborhood in /home/thais/workspace/loja/catalog/view/theme/jessicaprado/template/account/register.tpl on line 134
2015-01-22 22:08:51 - PHP Notice:  Undefined variable: text_shipment_delivery in /home/thais/workspace/loja/catalog/view/theme/jessicaprado/template/account/register.tpl on line 138
2015-01-22 22:09:47 - PHP Notice:  Undefined variable: search_postcode in /home/thais/workspace/loja/catalog/view/theme/jessicaprado/template/account/register.tpl on line 102
2015-01-22 22:09:47 - PHP Notice:  Undefined variable: text_shipment_delivery in /home/thais/workspace/loja/catalog/view/theme/jessicaprado/template/account/register.tpl on line 138
2015-01-22 22:10:06 - PHP Notice:  Undefined variable: text_shipment_delivery in /home/thais/workspace/loja/catalog/view/theme/jessicaprado/template/account/register.tpl on line 138
2015-01-22 22:17:10 - PHP Notice:  Undefined index: address_1 in /home/thais/workspace/loja/catalog/controller/account/register.php on line 375
2015-01-22 22:19:50 - PHP Notice:  Undefined variable: error in /home/thais/workspace/loja/catalog/controller/account/register.php on line 19
2015-01-22 22:43:15 - PHP Notice:  Undefined variable: error_firstname in /home/thais/workspace/loja/catalog/view/theme/jessicaprado/template/account/register.tpl on line 193
2015-01-22 22:43:29 - PHP Notice:  Undefined variable: error_firstname in /home/thais/workspace/loja/catalog/view/theme/jessicaprado/template/account/register.tpl on line 193
2015-01-22 22:43:39 - PHP Notice:  Undefined variable: error_firstname in /home/thais/workspace/loja/catalog/view/theme/jessicaprado/template/account/register.tpl on line 193
2015-01-22 22:44:55 - PHP Notice:  Undefined variable: error_firstname in /home/thais/workspace/loja/catalog/view/theme/jessicaprado/template/account/register.tpl on line 190
2015-01-22 22:44:55 - PHP Notice:  Undefined variable: error_firstname in /home/thais/workspace/loja/catalog/view/theme/jessicaprado/template/account/register.tpl on line 190
2015-01-22 22:44:55 - PHP Notice:  Undefined variable: error_firstname in /home/thais/workspace/loja/catalog/view/theme/jessicaprado/template/account/register.tpl on line 190
2015-01-22 22:44:55 - PHP Notice:  Undefined variable: error_firstname in /home/thais/workspace/loja/catalog/view/theme/jessicaprado/template/account/register.tpl on line 190
2015-01-22 22:44:55 - PHP Notice:  Undefined variable: error_firstname in /home/thais/workspace/loja/catalog/view/theme/jessicaprado/template/account/register.tpl on line 190
2015-01-22 22:44:55 - PHP Notice:  Undefined variable: error_firstname in /home/thais/workspace/loja/catalog/view/theme/jessicaprado/template/account/register.tpl on line 190
2015-01-22 22:44:55 - PHP Notice:  Undefined variable: error_firstname in /home/thais/workspace/loja/catalog/view/theme/jessicaprado/template/account/register.tpl on line 190
2015-01-22 22:44:55 - PHP Notice:  Undefined variable: error_firstname in /home/thais/workspace/loja/catalog/view/theme/jessicaprado/template/account/register.tpl on line 190
2015-01-22 22:44:55 - PHP Notice:  Undefined variable: error_firstname in /home/thais/workspace/loja/catalog/view/theme/jessicaprado/template/account/register.tpl on line 190
2015-01-22 22:45:05 - PHP Notice:  Undefined variable: error_firstname in /home/thais/workspace/loja/catalog/view/theme/jessicaprado/template/account/register.tpl on line 190
2015-01-22 22:45:05 - PHP Notice:  Undefined variable: error_firstname in /home/thais/workspace/loja/catalog/view/theme/jessicaprado/template/account/register.tpl on line 190
2015-01-22 22:45:05 - PHP Notice:  Undefined variable: error_firstname in /home/thais/workspace/loja/catalog/view/theme/jessicaprado/template/account/register.tpl on line 190
2015-01-22 22:45:05 - PHP Notice:  Undefined variable: error_firstname in /home/thais/workspace/loja/catalog/view/theme/jessicaprado/template/account/register.tpl on line 190
2015-01-22 22:45:05 - PHP Notice:  Undefined variable: error_firstname in /home/thais/workspace/loja/catalog/view/theme/jessicaprado/template/account/register.tpl on line 190
2015-01-22 22:45:05 - PHP Notice:  Undefined variable: error_firstname in /home/thais/workspace/loja/catalog/view/theme/jessicaprado/template/account/register.tpl on line 190
2015-01-22 22:45:05 - PHP Notice:  Undefined variable: error_firstname in /home/thais/workspace/loja/catalog/view/theme/jessicaprado/template/account/register.tpl on line 190
2015-01-22 22:45:05 - PHP Notice:  Undefined variable: error_firstname in /home/thais/workspace/loja/catalog/view/theme/jessicaprado/template/account/register.tpl on line 190
2015-01-22 22:45:05 - PHP Notice:  Undefined variable: error_firstname in /home/thais/workspace/loja/catalog/view/theme/jessicaprado/template/account/register.tpl on line 190
2015-01-22 22:59:36 - PHP Notice:  Undefined index: firstname in /home/thais/workspace/loja/catalog/controller/account/register.php on line 351
2015-01-22 22:59:36 - PHP Notice:  Undefined index: lastname in /home/thais/workspace/loja/catalog/controller/account/register.php on line 355
2015-01-22 22:59:36 - PHP Notice:  Undefined index: email in /home/thais/workspace/loja/catalog/controller/account/register.php on line 359
2015-01-22 22:59:36 - PHP Notice:  Undefined index: email in /home/thais/workspace/loja/catalog/controller/account/register.php on line 359
2015-01-22 22:59:36 - PHP Notice:  Undefined index: email in /home/thais/workspace/loja/catalog/controller/account/register.php on line 363
2015-01-22 22:59:36 - PHP Notice:  Undefined index: telephone in /home/thais/workspace/loja/catalog/controller/account/register.php on line 367
2015-01-22 22:59:36 - PHP Notice:  Undefined index: address in /home/thais/workspace/loja/catalog/controller/account/register.php on line 371
2015-01-22 22:59:36 - PHP Notice:  Undefined index: number in /home/thais/workspace/loja/catalog/controller/account/register.php on line 375
2015-01-22 22:59:36 - PHP Notice:  Undefined index: neighborhood in /home/thais/workspace/loja/catalog/controller/account/register.php on line 379
2015-01-22 22:59:36 - PHP Notice:  Undefined index: city in /home/thais/workspace/loja/catalog/controller/account/register.php on line 383
2015-01-22 22:59:36 - PHP Notice:  Undefined index: country_id in /home/thais/workspace/loja/catalog/controller/account/register.php on line 389
2015-01-22 22:59:36 - PHP Notice:  Undefined index: postcode_required in /home/thais/workspace/loja/catalog/controller/account/register.php on line 390
2015-01-22 22:59:36 - PHP Notice:  Undefined index: country_id in /home/thais/workspace/loja/catalog/controller/account/register.php on line 395
2015-01-22 22:59:36 - PHP Notice:  Undefined index: password in /home/thais/workspace/loja/catalog/controller/account/register.php on line 421
2015-01-22 22:59:36 - PHP Notice:  Undefined index: confirm in /home/thais/workspace/loja/catalog/controller/account/register.php on line 425
2015-01-22 22:59:36 - PHP Notice:  Undefined index: password in /home/thais/workspace/loja/catalog/controller/account/register.php on line 425
2015-01-22 22:59:45 - PHP Notice:  Undefined index: firstname in /home/thais/workspace/loja/catalog/controller/account/register.php on line 351
2015-01-22 22:59:45 - PHP Notice:  Undefined index: lastname in /home/thais/workspace/loja/catalog/controller/account/register.php on line 355
2015-01-22 22:59:45 - PHP Notice:  Undefined index: email in /home/thais/workspace/loja/catalog/controller/account/register.php on line 359
2015-01-22 22:59:45 - PHP Notice:  Undefined index: email in /home/thais/workspace/loja/catalog/controller/account/register.php on line 359
2015-01-22 22:59:45 - PHP Notice:  Undefined index: email in /home/thais/workspace/loja/catalog/controller/account/register.php on line 363
2015-01-22 22:59:45 - PHP Notice:  Undefined index: telephone in /home/thais/workspace/loja/catalog/controller/account/register.php on line 367
2015-01-22 22:59:45 - PHP Notice:  Undefined index: address in /home/thais/workspace/loja/catalog/controller/account/register.php on line 371
2015-01-22 22:59:45 - PHP Notice:  Undefined index: number in /home/thais/workspace/loja/catalog/controller/account/register.php on line 375
2015-01-22 22:59:45 - PHP Notice:  Undefined index: neighborhood in /home/thais/workspace/loja/catalog/controller/account/register.php on line 379
2015-01-22 22:59:45 - PHP Notice:  Undefined index: city in /home/thais/workspace/loja/catalog/controller/account/register.php on line 383
2015-01-22 22:59:45 - PHP Notice:  Undefined index: country_id in /home/thais/workspace/loja/catalog/controller/account/register.php on line 389
2015-01-22 22:59:45 - PHP Notice:  Undefined index: postcode_required in /home/thais/workspace/loja/catalog/controller/account/register.php on line 390
2015-01-22 22:59:45 - PHP Notice:  Undefined index: country_id in /home/thais/workspace/loja/catalog/controller/account/register.php on line 395
2015-01-22 22:59:45 - PHP Notice:  Undefined index: password in /home/thais/workspace/loja/catalog/controller/account/register.php on line 421
2015-01-22 22:59:45 - PHP Notice:  Undefined index: confirm in /home/thais/workspace/loja/catalog/controller/account/register.php on line 425
2015-01-22 22:59:45 - PHP Notice:  Undefined index: password in /home/thais/workspace/loja/catalog/controller/account/register.php on line 425
2015-01-22 23:00:22 - PHP Notice:  Undefined variable: errors in /home/thais/workspace/loja/catalog/view/theme/jessicaprado/template/account/register.tpl on line 178
2015-01-22 23:00:26 - PHP Notice:  Undefined variable: errors in /home/thais/workspace/loja/catalog/view/theme/jessicaprado/template/account/register.tpl on line 178
2015-01-22 23:00:28 - PHP Notice:  Undefined variable: errors in /home/thais/workspace/loja/catalog/view/theme/jessicaprado/template/account/register.tpl on line 178
2015-01-22 23:00:32 - PHP Notice:  Undefined variable: errors in /home/thais/workspace/loja/catalog/view/theme/jessicaprado/template/account/register.tpl on line 178
